<?xml version="1.0" encoding="UTF-8"?>
<!-- Generated by org.testng.reporters.JUnitXMLReporter -->
<testsuite hostname="bobo-VirtualBox" ignored="0" name="Default test" tests="12" failures="0" timestamp="02 Aug 2018 12:41:23 GMT" time="33.279" errors="0">
  <testcase name="getCreateNetworkForm" time="3.532" classname="telco.TestCases.TelcoGetRequests"/>
  <testcase name="getCreateNetworkForm_InvalidUrl" time="0.286" classname="telco.TestCases.TelcoGetRequests"/>
  <testcase name="getNetworksPage" time="1.134" classname="telco.TestCases.TelcoGetRequests"/>
  <testcase name="getNetworksPage_InvalidUrl_ReturnError" time="0.288" classname="telco.TestCases.TelcoGetRequests"/>
  <testcase name="getOpenAdminProject" time="0.632" classname="telco.TestCases.TelcoGetRequests"/>
  <testcase name="getOpenNonExistenNetworkDetail_OpenNetworksPage" time="1.192" classname="telco.TestCases.TelcoGetRequests"/>
  <testcase name="getOpenNonExistenNetworkPortForm_OpenNetworksPage" time="1.139" classname="telco.TestCases.TelcoGetRequests"/>
  <testcase name="getOpenNonExistenNetworkSubnetsForm_OpenNetworksPage" time="1.994" classname="telco.TestCases.TelcoGetRequests"/>
  <testcase name="getOpenNonExistenProjectDetail_OpenProjectsPage" time="1.196" classname="telco.TestCases.TelcoGetRequests"/>
  <testcase name="getOpenTestNetwork" time="0.918" classname="telco.TestCases.TelcoGetRequests"/>
  <testcase name="getOpenTestNetworkPortForm" time="0.936" classname="telco.TestCases.TelcoGetRequests"/>
  <testcase name="getOpenTestNetworkSubnetsForm" time="0.711" classname="telco.TestCases.TelcoGetRequests"/>
</testsuite> <!-- Default test -->
